<?xml version="1.0" encoding="UTF-8"?>
<!-- Generated by org.testng.reporters.JUnitReportReporter -->
<testsuite hostname="DESKTOP-02HTNM8" failures="0" tests="5" name="com.qaautomation.registerdemo.RegisterDemoFlow" time="10.911" errors="0" timestamp="2024-08-22T20:17:44 IST" skipped="0">
  <testcase classname="com.qaautomation.registerdemo.RegisterDemoFlow" name="launchApplication" time="5.930"/>
  <testcase classname="com.qaautomation.registerdemo.RegisterDemoFlow" name="navigateToRegisterDemoPage" time="1.392"/>
  <testcase classname="com.qaautomation.registerdemo.RegisterDemoFlow" name="registerDemo" time="3.365"/>
  <testcase classname="com.qaautomation.registerdemo.RegisterDemoFlow" name="validateSuccessfulMessage" time="0.049"/>
  <testcase classname="com.qaautomation.registerdemo.RegisterDemoFlow" name="closeApplication" time="0.175"/>
</testsuite> <!-- com.qaautomation.registerdemo.RegisterDemoFlow -->
